0 info it worked if it ends with ok
1 verbose cli [ 'node',
1 verbose cli   '/Users/patricklocal/.nvm/versions/v0.12.1/bin/npm',
1 verbose cli   'start' ]
2 info using npm@2.11.3
3 info using node@v0.12.1
4 verbose stack Error: missing script: start
4 verbose stack     at run (/Users/patricklocal/.nvm/versions/v0.12.1/lib/node_modules/npm/lib/run-script.js:142:19)
4 verbose stack     at /Users/patricklocal/.nvm/versions/v0.12.1/lib/node_modules/npm/lib/run-script.js:58:5
4 verbose stack     at /Users/patricklocal/.nvm/versions/v0.12.1/lib/node_modules/npm/node_modules/read-package-json/read-json.js:345:5
4 verbose stack     at checkBinReferences_ (/Users/patricklocal/.nvm/versions/v0.12.1/lib/node_modules/npm/node_modules/read-package-json/read-json.js:309:45)
4 verbose stack     at final (/Users/patricklocal/.nvm/versions/v0.12.1/lib/node_modules/npm/node_modules/read-package-json/read-json.js:343:3)
4 verbose stack     at then (/Users/patricklocal/.nvm/versions/v0.12.1/lib/node_modules/npm/node_modules/read-package-json/read-json.js:113:5)
4 verbose stack     at /Users/patricklocal/.nvm/versions/v0.12.1/lib/node_modules/npm/node_modules/read-package-json/read-json.js:232:12
4 verbose stack     at evalmachine.<anonymous>:336:14
4 verbose stack     at /Users/patricklocal/.nvm/versions/v0.12.1/lib/node_modules/npm/node_modules/graceful-fs/graceful-fs.js:102:5
4 verbose stack     at FSReqWrap.oncomplete (evalmachine.<anonymous>:99:15)
5 verbose cwd /Users/patricklocal/code/web-component-boilerplate/examples/aurelia
6 error Darwin 14.5.0
7 error argv "node" "/Users/patricklocal/.nvm/versions/v0.12.1/bin/npm" "start"
8 error node v0.12.1
9 error npm  v2.11.3
10 error missing script: start
11 error If you need help, you may report this error at:
11 error     <https://github.com/npm/npm/issues>
12 verbose exit [ 1, true ]
